0 info it worked if it ends with ok
1 verbose cli [ '/usr/bin/node', '/usr/bin/npm', 'publish' ]
2 info using npm@3.5.2
3 info using node@v8.10.0
4 verbose publish [ '.' ]
5 silly cache add args [ '.', null ]
6 verbose cache add spec .
7 silly cache add parsed spec Result {
7 silly cache add   raw: '.',
7 silly cache add   scope: null,
7 silly cache add   name: null,
7 silly cache add   rawSpec: '.',
7 silly cache add   spec: '/var/www/html/NodeJs/addNumber',
7 silly cache add   type: 'directory' }
8 verbose addLocalDirectory /home/vijay/.npm/addnumber/1.0.0/package.tgz not in flight; packing
9 info lifecycle addnumber@1.0.0~prepublish: addnumber@1.0.0
10 silly lifecycle addnumber@1.0.0~prepublish: no script for prepublish, continuing
11 verbose tar pack [ '/home/vijay/.npm/addnumber/1.0.0/package.tgz',
11 verbose tar pack   '/var/www/html/NodeJs/addNumber' ]
12 verbose tarball /home/vijay/.npm/addnumber/1.0.0/package.tgz
13 verbose folder /var/www/html/NodeJs/addNumber
14 verbose addLocalTarball adding from inside cache /home/vijay/.npm/addnumber/1.0.0/package.tgz
15 silly cache afterAdd addnumber@1.0.0
16 verbose afterAdd /home/vijay/.npm/addnumber/1.0.0/package/package.json not in flight; writing
17 verbose afterAdd /home/vijay/.npm/addnumber/1.0.0/package/package.json written
18 silly publish { name: 'addnumber',
18 silly publish   version: '1.0.0',
18 silly publish   description: 'add tow number',
18 silly publish   main: 'index.js',
18 silly publish   scripts: { test: 'echo "Error: no test specified" && exit 1' },
18 silly publish   author:
18 silly publish    { name: 'Vijay Pratap Singh',
18 silly publish      email: 'vijaypratap218@gmail.com',
18 silly publish      url: 'vijaypratap.info' },
18 silly publish   license: 'ISC',
18 silly publish   readme: 'add tow number\n',
18 silly publish   readmeFilename: 'README.md',
18 silly publish   gitHead: '788909b2f7f8b963ac5ee26775dfb2ef1d3d7cf0',
18 silly publish   _id: 'addnumber@1.0.0',
18 silly publish   _shasum: '91b795fb3f84702843499c6a9f30c05783ac85fd',
18 silly publish   _from: '.' }
19 verbose getPublishConfig undefined
20 silly mapToRegistry name addnumber
21 silly mapToRegistry using default registry
22 silly mapToRegistry registry https://registry.npmjs.org/
23 silly mapToRegistry uri https://registry.npmjs.org/addnumber
24 verbose publish registryBase https://registry.npmjs.org/
25 silly publish uploading /home/vijay/.npm/addnumber/1.0.0/package.tgz
26 verbose request uri https://registry.npmjs.org/addnumber
27 verbose request sending authorization for write operation
28 info attempt registry request try #1 at 1:19:12 AM
29 verbose request using bearer token for auth
30 verbose request id 62367398ab84f392
31 http request PUT https://registry.npmjs.org/addnumber
32 http 403 https://registry.npmjs.org/addnumber
33 verbose headers { date: 'Fri, 14 Jun 2019 19:49:13 GMT',
33 verbose headers   'content-type': 'application/json',
33 verbose headers   'transfer-encoding': 'chunked',
33 verbose headers   connection: 'keep-alive',
33 verbose headers   'set-cookie':
33 verbose headers    [ '__cfduid=d2597b807610f532316b15bf5f3dc1abd1560541753; expires=Sat, 13-Jun-20 19:49:13 GMT; path=/; domain=.npmjs.org; HttpOnly' ],
33 verbose headers   'cf-ray': '4e6ed384fe6ed54f-DEL',
33 verbose headers   'expect-ct': 'max-age=604800, report-uri="https://report-uri.cloudflare.com/cdn-cgi/beacon/expect-ct"',
33 verbose headers   vary: 'Accept-Encoding',
33 verbose headers   server: 'cloudflare',
33 verbose headers   'content-encoding': 'gzip' }
34 verbose request invalidating /home/vijay/.npm/registry.npmjs.org/addnumber on PUT
35 error publish Failed PUT 403
36 verbose stack Error: You do not have permission to publish "addnumber". Are you logged in as the correct user? : addnumber
36 verbose stack     at makeError (/usr/share/npm/node_modules/npm-registry-client/lib/request.js:264:12)
36 verbose stack     at CachingRegistryClient.<anonymous> (/usr/share/npm/node_modules/npm-registry-client/lib/request.js:252:14)
36 verbose stack     at /usr/share/npm/node_modules/npm-registry-client/lib/request.js:178:7
36 verbose stack     at Gunzip.onEnd (zlib.js:131:5)
36 verbose stack     at emitNone (events.js:111:20)
36 verbose stack     at Gunzip.emit (events.js:208:7)
36 verbose stack     at endReadableNT (_stream_readable.js:1064:12)
36 verbose stack     at _combinedTickCallback (internal/process/next_tick.js:138:11)
36 verbose stack     at process._tickCallback (internal/process/next_tick.js:180:9)
37 verbose statusCode 403
38 verbose pkgid addnumber
39 verbose cwd /var/www/html/NodeJs/addNumber
40 error Linux 4.15.0-42-generic
41 error argv "/usr/bin/node" "/usr/bin/npm" "publish"
42 error node v8.10.0
43 error npm  v3.5.2
44 error code E403
45 error You do not have permission to publish "addnumber". Are you logged in as the correct user? : addnumber
46 error If you need help, you may report this error at:
46 error     <https://github.com/npm/npm/issues>
47 verbose exit [ 1, true ]
